{"D:\\workspace\\vuejs\\ch14_appendix1\\todolistapp_test2\\src\\constant.js": {"path":"D:\\workspace\\vuejs\\ch14_appendix1\\todolistapp_test2\\src\\constant.js","statementMap":{},"fnMap":{},"branchMap":{},"s":{},"f":{},"b":{},"_coverageSchema":"332fd63041d2c1bcb487cc26dd0d5f7d97098a6c","hash":"6bbb2f47a59794c03d1ee3dc276d1e7fc9f0b50f"}
,"D:\\workspace\\vuejs\\ch14_appendix1\\todolistapp_test2\\src\\sum.js": {"path":"D:\\workspace\\vuejs\\ch14_appendix1\\todolistapp_test2\\src\\sum.js","statementMap":{"0":{"start":{"line":1,"column":12},"end":{"line":3,"column":1}},"1":{"start":{"line":2,"column":4},"end":{"line":2,"column":15}}},"fnMap":{"0":{"name":"(anonymous_0)","decl":{"start":{"line":1,"column":12},"end":{"line":1,"column":13}},"loc":{"start":{"line":1,"column":26},"end":{"line":3,"column":1}},"line":1}},"branchMap":{},"s":{"0":1,"1":1},"f":{"0":1},"b":{},"_coverageSchema":"332fd63041d2c1bcb487cc26dd0d5f7d97098a6c","hash":"ec062ed7450d3f7b82069950dc95e4adde329d24"}
,"D:\\workspace\\vuejs\\ch14_appendix1\\todolistapp_test2\\src\\components\\List.vue": {"path":"D:\\workspace\\vuejs\\ch14_appendix1\\todolistapp_test2\\src\\components\\List.vue","statementMap":{"0":{"start":{"line":1,"column":27},"end":{"line":89,"column":4}},"1":{"start":{"line":4,"column":0},"end":{"line":6,"column":3}},"2":{"start":{"line":8,"column":16},"end":{"line":8,"column":38}},"3":{"start":{"line":10,"column":17},"end":{"line":10,"column":50}},"4":{"start":{"line":12,"column":12},"end":{"line":12,"column":27}},"5":{"start":{"line":14,"column":14},"end":{"line":14,"column":31}},"6":{"start":{"line":16,"column":15},"end":{"line":16,"column":46}},"7":{"start":{"line":18,"column":39},"end":{"line":18,"column":93}},"8":{"start":{"line":20,"column":0},"end":{"line":39,"column":2}},"9":{"start":{"line":36,"column":12},"end":{"line":36,"column":78}},"10":{"start":{"line":36,"column":22},"end":{"line":36,"column":47}},"11":{"start":{"line":36,"column":52},"end":{"line":36,"column":78}}},"fnMap":{"0":{"name":"(anonymous_0)","decl":{"start":{"line":1,"column":28},"end":{"line":1,"column":29}},"loc":{"start":{"line":1,"column":38},"end":{"line":89,"column":1}},"line":1},"1":{"name":"_interopRequireDefault","decl":{"start":{"line":18,"column":9},"end":{"line":18,"column":31}},"loc":{"start":{"line":18,"column":37},"end":{"line":18,"column":95}},"line":18},"2":{"name":"checked","decl":{"start":{"line":35,"column":26},"end":{"line":35,"column":33}},"loc":{"start":{"line":35,"column":40},"end":{"line":37,"column":9}},"line":35}},"branchMap":{"0":{"loc":{"start":{"line":18,"column":46},"end":{"line":18,"column":92}},"type":"cond-expr","locations":[{"start":{"line":18,"column":70},"end":{"line":18,"column":73}},{"start":{"line":18,"column":76},"end":{"line":18,"column":92}}],"line":18},"1":{"loc":{"start":{"line":18,"column":46},"end":{"line":18,"column":67}},"type":"binary-expr","locations":[{"start":{"line":18,"column":46},"end":{"line":18,"column":49}},{"start":{"line":18,"column":53},"end":{"line":18,"column":67}}],"line":18},"2":{"loc":{"start":{"line":36,"column":12},"end":{"line":36,"column":78}},"type":"if","locations":[{"start":{"line":36,"column":12},"end":{"line":36,"column":78}},{"start":{"line":36,"column":12},"end":{"line":36,"column":78}}],"line":36}},"s":{"0":1,"1":1,"2":1,"3":1,"4":1,"5":1,"6":1,"7":2,"8":1,"9":9,"10":2,"11":7},"f":{"0":1,"1":2,"2":9},"b":{"0":[1,1],"1":[2,2],"2":[2,7]},"_coverageSchema":"332fd63041d2c1bcb487cc26dd0d5f7d97098a6c","hash":"a9d199edbf2fbb6aadf3295359b233894f9e488b"}
,"D:\\workspace\\vuejs\\ch14_appendix1\\todolistapp_test2\\src\\store\\actions.js": {"path":"D:\\workspace\\vuejs\\ch14_appendix1\\todolistapp_test2\\src\\store\\actions.js","statementMap":{"0":{"start":{"line":5,"column":8},"end":{"line":5,"column":43}},"1":{"start":{"line":8,"column":8},"end":{"line":8,"column":52}},"2":{"start":{"line":11,"column":8},"end":{"line":11,"column":52}}},"fnMap":{"0":{"name":"(anonymous_0)","decl":{"start":{"line":4,"column":26},"end":{"line":4,"column":27}},"loc":{"start":{"line":4,"column":58},"end":{"line":6,"column":5}},"line":4},"1":{"name":"(anonymous_1)","decl":{"start":{"line":7,"column":29},"end":{"line":7,"column":30}},"loc":{"start":{"line":7,"column":49},"end":{"line":9,"column":5}},"line":7},"2":{"name":"(anonymous_2)","decl":{"start":{"line":10,"column":29},"end":{"line":10,"column":30}},"loc":{"start":{"line":10,"column":49},"end":{"line":12,"column":5}},"line":10}},"branchMap":{},"s":{"0":1,"1":0,"2":0},"f":{"0":1,"1":0,"2":0},"b":{},"_coverageSchema":"332fd63041d2c1bcb487cc26dd0d5f7d97098a6c","hash":"5e0420044bae7b3c451b115e898546828ea3e1e6"}
,"D:\\workspace\\vuejs\\ch14_appendix1\\todolistapp_test2\\src\\store\\index.js": {"path":"D:\\workspace\\vuejs\\ch14_appendix1\\todolistapp_test2\\src\\store\\index.js","statementMap":{"0":{"start":{"line":7,"column":0},"end":{"line":7,"column":14}},"1":{"start":{"line":9,"column":14},"end":{"line":13,"column":2}}},"fnMap":{},"branchMap":{},"s":{"0":1,"1":1},"f":{},"b":{},"_coverageSchema":"332fd63041d2c1bcb487cc26dd0d5f7d97098a6c","hash":"90c0f679d4aa28a8bc6bc0d23db52b4beeafcfbc"}
,"D:\\workspace\\vuejs\\ch14_appendix1\\todolistapp_test2\\src\\store\\mutations.js": {"path":"D:\\workspace\\vuejs\\ch14_appendix1\\todolistapp_test2\\src\\store\\mutations.js","statementMap":{"0":{"start":{"line":5,"column":8},"end":{"line":7,"column":9}},"1":{"start":{"line":6,"column":12},"end":{"line":6,"column":69}},"2":{"start":{"line":10,"column":8},"end":{"line":10,"column":81}},"3":{"start":{"line":13,"column":8},"end":{"line":13,"column":47}}},"fnMap":{"0":{"name":"(anonymous_0)","decl":{"start":{"line":4,"column":26},"end":{"line":4,"column":27}},"loc":{"start":{"line":4,"column":46},"end":{"line":8,"column":5}},"line":4},"1":{"name":"(anonymous_1)","decl":{"start":{"line":9,"column":29},"end":{"line":9,"column":30}},"loc":{"start":{"line":9,"column":49},"end":{"line":11,"column":5}},"line":9},"2":{"name":"(anonymous_2)","decl":{"start":{"line":12,"column":29},"end":{"line":12,"column":30}},"loc":{"start":{"line":12,"column":48},"end":{"line":14,"column":5}},"line":12}},"branchMap":{"0":{"loc":{"start":{"line":5,"column":8},"end":{"line":7,"column":9}},"type":"if","locations":[{"start":{"line":5,"column":8},"end":{"line":7,"column":9}},{"start":{"line":5,"column":8},"end":{"line":7,"column":9}}],"line":5}},"s":{"0":1,"1":1,"2":0,"3":0},"f":{"0":1,"1":0,"2":0},"b":{"0":[1,0]},"_coverageSchema":"332fd63041d2c1bcb487cc26dd0d5f7d97098a6c","hash":"f0ddfe5959cc237de0113d6e5a5205eb7839b3bd"}
,"D:\\workspace\\vuejs\\ch14_appendix1\\todolistapp_test2\\src\\store\\state.js": {"path":"D:\\workspace\\vuejs\\ch14_appendix1\\todolistapp_test2\\src\\store\\state.js","statementMap":{},"fnMap":{},"branchMap":{},"s":{},"f":{},"b":{},"_coverageSchema":"332fd63041d2c1bcb487cc26dd0d5f7d97098a6c","hash":"eefa256383db53dd3a9ceb47661ed7317aa82373"}
}
