TN:
SF:D:\workspace\vuejs\ch14_appendix1\todolistapp_test2\src\constant.js
FNF:0
FNH:0
LF:0
LH:0
BRF:0
BRH:0
end_of_record
TN:
SF:D:\workspace\vuejs\ch14_appendix1\todolistapp_test2\src\sum.js
FN:1,(anonymous_0)
FNF:1
FNH:1
FNDA:1,(anonymous_0)
DA:1,1
DA:2,1
LF:2
LH:2
BRF:0
BRH:0
end_of_record
TN:
SF:D:\workspace\vuejs\ch14_appendix1\todolistapp_test2\src\components\List.vue
FN:1,(anonymous_0)
FN:18,_interopRequireDefault
FN:35,checked
FNF:3
FNH:3
FNDA:1,(anonymous_0)
FNDA:2,_interopRequireDefault
FNDA:9,checked
DA:1,1
DA:4,1
DA:8,1
DA:10,1
DA:12,1
DA:14,1
DA:16,1
DA:18,2
DA:20,1
DA:36,9
LF:10
LH:10
BRDA:18,0,0,1
BRDA:18,0,1,1
BRDA:18,1,0,2
BRDA:18,1,1,2
BRDA:36,2,0,2
BRDA:36,2,1,7
BRF:6
BRH:6
end_of_record
TN:
SF:D:\workspace\vuejs\ch14_appendix1\todolistapp_test2\src\store\actions.js
FN:4,(anonymous_0)
FN:7,(anonymous_1)
FN:10,(anonymous_2)
FNF:3
FNH:1
FNDA:1,(anonymous_0)
FNDA:0,(anonymous_1)
FNDA:0,(anonymous_2)
DA:5,1
DA:8,0
DA:11,0
LF:3
LH:1
BRF:0
BRH:0
end_of_record
TN:
SF:D:\workspace\vuejs\ch14_appendix1\todolistapp_test2\src\store\index.js
FNF:0
FNH:0
DA:7,1
DA:9,1
LF:2
LH:2
BRF:0
BRH:0
end_of_record
TN:
SF:D:\workspace\vuejs\ch14_appendix1\todolistapp_test2\src\store\mutations.js
FN:4,(anonymous_0)
FN:9,(anonymous_1)
FN:12,(anonymous_2)
FNF:3
FNH:1
FNDA:1,(anonymous_0)
FNDA:0,(anonymous_1)
FNDA:0,(anonymous_2)
DA:5,1
DA:6,1
DA:10,0
DA:13,0
LF:4
LH:2
BRDA:5,0,0,1
BRDA:5,0,1,0
BRF:2
BRH:1
end_of_record
TN:
SF:D:\workspace\vuejs\ch14_appendix1\todolistapp_test2\src\store\state.js
FNF:0
FNH:0
LF:0
LH:0
BRF:0
BRH:0
end_of_record
